2024-06-10T11:34:05.402+02:00  INFO 6196 --- [restartedMain] c.shopme.admin.ShopmeBackEndApplication  : Starting ShopmeBackEndApplication using Java 17.0.11 with PID 6196 (C:\My_Projects\shopme\shopme.zip_expanded\ShopmeBackEnd\target\classes started by Gahaty in C:\My_Projects\shopme\shopme.zip_expanded\ShopmeBackEnd)
2024-06-10T11:34:05.403+02:00  INFO 6196 --- [restartedMain] c.shopme.admin.ShopmeBackEndApplication  : No active profile set, falling back to 1 default profile: "default"
2024-06-10T11:34:05.606+02:00  INFO 6196 --- [restartedMain] .s.d.r.c.RepositoryConfigurationDelegate : Bootstrapping Spring Data JPA repositories in DEFAULT mode.
2024-06-10T11:34:05.614+02:00  INFO 6196 --- [restartedMain] .s.d.r.c.RepositoryConfigurationDelegate : Finished Spring Data repository scanning in 7 ms. Found 2 JPA repository interfaces.
2024-06-10T11:34:05.685+02:00  INFO 6196 --- [restartedMain] o.s.b.w.embedded.tomcat.TomcatWebServer  : Tomcat initialized with port 8080 (http)
2024-06-10T11:34:05.685+02:00  INFO 6196 --- [restartedMain] o.apache.catalina.core.StandardService   : Starting service [Tomcat]
2024-06-10T11:34:05.685+02:00  INFO 6196 --- [restartedMain] o.apache.catalina.core.StandardEngine    : Starting Servlet engine: [Apache Tomcat/10.1.19]
2024-06-10T11:34:05.698+02:00  INFO 6196 --- [restartedMain] o.a.c.c.C.[.[localhost].[/ShopmeAdmin]   : Initializing Spring embedded WebApplicationContext
2024-06-10T11:34:05.699+02:00  INFO 6196 --- [restartedMain] w.s.c.ServletWebServerApplicationContext : Root WebApplicationContext: initialization completed in 293 ms
2024-06-10T11:34:05.741+02:00  INFO 6196 --- [restartedMain] o.hibernate.jpa.internal.util.LogHelper  : HHH000204: Processing PersistenceUnitInfo [name: default]
2024-06-10T11:34:05.743+02:00  INFO 6196 --- [restartedMain] o.h.c.internal.RegionFactoryInitiator    : HHH000026: Second-level cache disabled
2024-06-10T11:34:05.748+02:00  INFO 6196 --- [restartedMain] o.s.o.j.p.SpringPersistenceUnitInfo      : No LoadTimeWeaver setup: ignoring JPA class transformer
2024-06-10T11:34:05.765+02:00  INFO 6196 --- [restartedMain] com.zaxxer.hikari.HikariDataSource       : HikariPool-5 - Starting...
2024-06-10T11:34:05.774+02:00  INFO 6196 --- [restartedMain] com.zaxxer.hikari.pool.HikariPool        : HikariPool-5 - Added connection com.mysql.cj.jdbc.ConnectionImpl@68e830fb
2024-06-10T11:34:05.775+02:00  INFO 6196 --- [restartedMain] com.zaxxer.hikari.HikariDataSource       : HikariPool-5 - Start completed.
2024-06-10T11:34:05.775+02:00  WARN 6196 --- [restartedMain] org.hibernate.orm.deprecation            : HHH90000025: MySQL8Dialect does not need to be specified explicitly using 'hibernate.dialect' (remove the property setting and it will be selected by default)
2024-06-10T11:34:05.775+02:00  WARN 6196 --- [restartedMain] org.hibernate.orm.deprecation            : HHH90000026: MySQL8Dialect has been deprecated; use org.hibernate.dialect.MySQLDialect instead
2024-06-10T11:34:05.812+02:00  INFO 6196 --- [restartedMain] o.h.e.t.j.p.i.JtaPlatformInitiator       : HHH000489: No JTA platform available (set 'hibernate.transaction.jta.platform' to enable JTA platform integration)
2024-06-10T11:34:05.872+02:00  INFO 6196 --- [restartedMain] j.LocalContainerEntityManagerFactoryBean : Initialized JPA EntityManagerFactory for persistence unit 'default'
2024-06-10T11:34:05.923+02:00  WARN 6196 --- [restartedMain] JpaBaseConfiguration$JpaWebConfiguration : spring.jpa.open-in-view is enabled by default. Therefore, database queries may be performed during view rendering. Explicitly configure spring.jpa.open-in-view to disable this warning
2024-06-10T11:34:05.934+02:00  INFO 6196 --- [restartedMain] o.s.b.a.w.s.WelcomePageHandlerMapping    : Adding welcome page template: index
2024-06-10T11:34:06.191+02:00  INFO 6196 --- [restartedMain] o.s.s.web.DefaultSecurityFilterChain     : Will secure any request with [org.springframework.security.web.session.DisableEncodeUrlFilter@4c6bccb9, org.springframework.security.web.context.request.async.WebAsyncManagerIntegrationFilter@73fead68, org.springframework.security.web.context.SecurityContextHolderFilter@7d1dc2, org.springframework.security.web.header.HeaderWriterFilter@565648fa, org.springframework.web.filter.CorsFilter@584aa2be, org.springframework.security.web.csrf.CsrfFilter@9e06b5b, org.springframework.security.web.authentication.logout.LogoutFilter@60aa11d7, org.springframework.security.web.authentication.UsernamePasswordAuthenticationFilter@7aaa36a7, org.springframework.security.web.savedrequest.RequestCacheAwareFilter@acd1425, org.springframework.security.web.servletapi.SecurityContextHolderAwareRequestFilter@6ca40af4, org.springframework.security.web.authentication.rememberme.RememberMeAuthenticationFilter@5a4076bc, org.springframework.security.web.authentication.AnonymousAuthenticationFilter@166ca9d, org.springframework.security.web.access.ExceptionTranslationFilter@1c0f5018, org.springframework.security.web.access.intercept.AuthorizationFilter@4abea28e]
2024-06-10T11:34:06.192+02:00  WARN 6196 --- [restartedMain] o.s.s.c.a.web.builders.WebSecurity       : You are asking Spring Security to ignore Mvc [pattern='/images/**']. This is not recommended -- please use permitAll via HttpSecurity#authorizeHttpRequests instead.
2024-06-10T11:34:06.192+02:00  INFO 6196 --- [restartedMain] o.s.s.web.DefaultSecurityFilterChain     : Will not secure Mvc [pattern='/images/**']
2024-06-10T11:34:06.193+02:00  WARN 6196 --- [restartedMain] o.s.s.c.a.web.builders.WebSecurity       : You are asking Spring Security to ignore Mvc [pattern='/js/**']. This is not recommended -- please use permitAll via HttpSecurity#authorizeHttpRequests instead.
2024-06-10T11:34:06.193+02:00  INFO 6196 --- [restartedMain] o.s.s.web.DefaultSecurityFilterChain     : Will not secure Mvc [pattern='/js/**']
2024-06-10T11:34:06.193+02:00  WARN 6196 --- [restartedMain] o.s.s.c.a.web.builders.WebSecurity       : You are asking Spring Security to ignore Mvc [pattern='/webjars/**']. This is not recommended -- please use permitAll via HttpSecurity#authorizeHttpRequests instead.
2024-06-10T11:34:06.193+02:00  INFO 6196 --- [restartedMain] o.s.s.web.DefaultSecurityFilterChain     : Will not secure Mvc [pattern='/webjars/**']
2024-06-10T11:34:06.232+02:00  INFO 6196 --- [restartedMain] o.s.b.d.a.OptionalLiveReloadServer       : LiveReload server is running on port 35729
2024-06-10T11:34:06.239+02:00  INFO 6196 --- [restartedMain] o.s.b.w.embedded.tomcat.TomcatWebServer  : Tomcat started on port 8080 (http) with context path '/ShopmeAdmin'
2024-06-10T11:34:06.244+02:00  INFO 6196 --- [restartedMain] c.shopme.admin.ShopmeBackEndApplication  : Started ShopmeBackEndApplication in 0.883 seconds (process running for 1507.95)
2024-06-10T11:34:06.246+02:00  INFO 6196 --- [restartedMain] .ConditionEvaluationDeltaLoggingListener : Condition evaluation unchanged
2024-06-10T11:34:23.534+02:00  INFO 6196 --- [http-nio-8080-exec-4] o.a.c.c.C.[.[localhost].[/ShopmeAdmin]   : Initializing Spring DispatcherServlet 'dispatcherServlet'
2024-06-10T11:34:23.534+02:00  INFO 6196 --- [http-nio-8080-exec-4] o.s.web.servlet.DispatcherServlet        : Initializing Servlet 'dispatcherServlet'
2024-06-10T11:34:23.538+02:00  INFO 6196 --- [http-nio-8080-exec-4] o.s.web.servlet.DispatcherServlet        : Completed initialization in 3 ms
2024-06-10T11:34:27.279+02:00  WARN 6196 --- [http-nio-8080-exec-7] actStandardFragmentInsertionTagProcessor : [THYMELEAF][http-nio-8080-exec-7][index] Deprecated unwrapped fragment expression "fragments :: page_head('Home - Shopme Admin')" found in template index, line 4, col 7. Please use the complete syntax of fragment expressions instead ("~{fragments :: page_head('Home - Shopme Admin')}"). The old, unwrapped syntax for fragment expressions will be removed in future versions of Thymeleaf.
2024-06-10T11:34:27.285+02:00  WARN 6196 --- [http-nio-8080-exec-7] actStandardFragmentInsertionTagProcessor : [THYMELEAF][http-nio-8080-exec-7][index] Deprecated unwrapped fragment expression "navigation :: menu" found in template index, line 8, col 8. Please use the complete syntax of fragment expressions instead ("~{navigation :: menu}"). The old, unwrapped syntax for fragment expressions will be removed in future versions of Thymeleaf.
2024-06-10T11:34:27.327+02:00  WARN 6196 --- [http-nio-8080-exec-7] actStandardFragmentInsertionTagProcessor : [THYMELEAF][http-nio-8080-exec-7][index] Deprecated unwrapped fragment expression "fragments :: footer" found in template index, line 16, col 8. Please use the complete syntax of fragment expressions instead ("~{fragments :: footer}"). The old, unwrapped syntax for fragment expressions will be removed in future versions of Thymeleaf.
2024-06-10T11:37:21.549+02:00  INFO 6196 --- [File Watcher] rtingClassPathChangeChangedEventListener : Restarting due to 1 class path change (0 additions, 0 deletions, 1 modification)
2024-06-10T11:37:21.560+02:00  INFO 6196 --- [Thread-19] j.LocalContainerEntityManagerFactoryBean : Closing JPA EntityManagerFactory for persistence unit 'default'
2024-06-10T11:37:21.561+02:00  INFO 6196 --- [Thread-19] com.zaxxer.hikari.HikariDataSource       : HikariPool-5 - Shutdown initiated...
2024-06-10T11:37:21.563+02:00  INFO 6196 --- [Thread-19] com.zaxxer.hikari.HikariDataSource       : HikariPool-5 - Shutdown completed.
2024-06-10T11:38:08.196+02:00  INFO 6196 --- [restartedMain] c.shopme.admin.ShopmeBackEndApplication  : Starting ShopmeBackEndApplication using Java 17.0.11 with PID 6196 (C:\My_Projects\shopme\shopme.zip_expanded\ShopmeBackEnd\target\classes started by Gahaty in C:\My_Projects\shopme\shopme.zip_expanded\ShopmeBackEnd)
2024-06-10T11:38:08.196+02:00  INFO 6196 --- [restartedMain] c.shopme.admin.ShopmeBackEndApplication  : No active profile set, falling back to 1 default profile: "default"
2024-06-10T11:38:08.295+02:00  INFO 6196 --- [restartedMain] .s.d.r.c.RepositoryConfigurationDelegate : Bootstrapping Spring Data JPA repositories in DEFAULT mode.
2024-06-10T11:38:08.300+02:00  INFO 6196 --- [restartedMain] .s.d.r.c.RepositoryConfigurationDelegate : Finished Spring Data repository scanning in 5 ms. Found 2 JPA repository interfaces.
2024-06-10T11:38:08.355+02:00  INFO 6196 --- [restartedMain] o.s.b.w.embedded.tomcat.TomcatWebServer  : Tomcat initialized with port 8080 (http)
2024-06-10T11:38:08.356+02:00  INFO 6196 --- [restartedMain] o.apache.catalina.core.StandardService   : Starting service [Tomcat]
2024-06-10T11:38:08.356+02:00  INFO 6196 --- [restartedMain] o.apache.catalina.core.StandardEngine    : Starting Servlet engine: [Apache Tomcat/10.1.19]
2024-06-10T11:38:08.367+02:00  INFO 6196 --- [restartedMain] o.a.c.c.C.[.[localhost].[/ShopmeAdmin]   : Initializing Spring embedded WebApplicationContext
2024-06-10T11:38:08.367+02:00  INFO 6196 --- [restartedMain] w.s.c.ServletWebServerApplicationContext : Root WebApplicationContext: initialization completed in 170 ms
2024-06-10T11:38:08.402+02:00  INFO 6196 --- [restartedMain] o.hibernate.jpa.internal.util.LogHelper  : HHH000204: Processing PersistenceUnitInfo [name: default]
2024-06-10T11:38:08.404+02:00  INFO 6196 --- [restartedMain] o.h.c.internal.RegionFactoryInitiator    : HHH000026: Second-level cache disabled
2024-06-10T11:38:08.407+02:00  INFO 6196 --- [restartedMain] o.s.o.j.p.SpringPersistenceUnitInfo      : No LoadTimeWeaver setup: ignoring JPA class transformer
2024-06-10T11:38:08.408+02:00  INFO 6196 --- [restartedMain] com.zaxxer.hikari.HikariDataSource       : HikariPool-7 - Starting...
2024-06-10T11:38:08.419+02:00  INFO 6196 --- [restartedMain] com.zaxxer.hikari.pool.HikariPool        : HikariPool-7 - Added connection com.mysql.cj.jdbc.ConnectionImpl@3d11a85
2024-06-10T11:38:08.419+02:00  INFO 6196 --- [restartedMain] com.zaxxer.hikari.HikariDataSource       : HikariPool-7 - Start completed.
2024-06-10T11:38:08.420+02:00  WARN 6196 --- [restartedMain] org.hibernate.orm.deprecation            : HHH90000025: MySQL8Dialect does not need to be specified explicitly using 'hibernate.dialect' (remove the property setting and it will be selected by default)
2024-06-10T11:38:08.420+02:00  WARN 6196 --- [restartedMain] org.hibernate.orm.deprecation            : HHH90000026: MySQL8Dialect has been deprecated; use org.hibernate.dialect.MySQLDialect instead
2024-06-10T11:38:08.449+02:00  INFO 6196 --- [restartedMain] o.h.e.t.j.p.i.JtaPlatformInitiator       : HHH000489: No JTA platform available (set 'hibernate.transaction.jta.platform' to enable JTA platform integration)
2024-06-10T11:38:08.520+02:00  INFO 6196 --- [restartedMain] j.LocalContainerEntityManagerFactoryBean : Initialized JPA EntityManagerFactory for persistence unit 'default'
2024-06-10T11:38:08.570+02:00  WARN 6196 --- [restartedMain] JpaBaseConfiguration$JpaWebConfiguration : spring.jpa.open-in-view is enabled by default. Therefore, database queries may be performed during view rendering. Explicitly configure spring.jpa.open-in-view to disable this warning
2024-06-10T11:38:08.580+02:00  INFO 6196 --- [restartedMain] o.s.b.a.w.s.WelcomePageHandlerMapping    : Adding welcome page template: index
2024-06-10T11:38:08.910+02:00  INFO 6196 --- [restartedMain] o.s.s.web.DefaultSecurityFilterChain     : Will secure any request with [org.springframework.security.web.session.DisableEncodeUrlFilter@3e388ca7, org.springframework.security.web.context.request.async.WebAsyncManagerIntegrationFilter@74d1b22, org.springframework.security.web.context.SecurityContextHolderFilter@47766698, org.springframework.security.web.header.HeaderWriterFilter@a210340, org.springframework.web.filter.CorsFilter@113276ee, org.springframework.security.web.csrf.CsrfFilter@2a4b7e0f, org.springframework.security.web.authentication.logout.LogoutFilter@4df41a9d, org.springframework.security.web.authentication.UsernamePasswordAuthenticationFilter@56080c21, org.springframework.security.web.savedrequest.RequestCacheAwareFilter@363cc37f, org.springframework.security.web.servletapi.SecurityContextHolderAwareRequestFilter@3bfbc6a7, org.springframework.security.web.authentication.rememberme.RememberMeAuthenticationFilter@3bc5d48f, org.springframework.security.web.authentication.AnonymousAuthenticationFilter@4c6b9eb, org.springframework.security.web.access.ExceptionTranslationFilter@2e0479d6, org.springframework.security.web.access.intercept.AuthorizationFilter@78282c9e]
2024-06-10T11:38:08.912+02:00  WARN 6196 --- [restartedMain] o.s.s.c.a.web.builders.WebSecurity       : You are asking Spring Security to ignore Mvc [pattern='/images/**']. This is not recommended -- please use permitAll via HttpSecurity#authorizeHttpRequests instead.
2024-06-10T11:38:08.912+02:00  INFO 6196 --- [restartedMain] o.s.s.web.DefaultSecurityFilterChain     : Will not secure Mvc [pattern='/images/**']
2024-06-10T11:38:08.912+02:00  WARN 6196 --- [restartedMain] o.s.s.c.a.web.builders.WebSecurity       : You are asking Spring Security to ignore Mvc [pattern='/js/**']. This is not recommended -- please use permitAll via HttpSecurity#authorizeHttpRequests instead.
2024-06-10T11:38:08.912+02:00  INFO 6196 --- [restartedMain] o.s.s.web.DefaultSecurityFilterChain     : Will not secure Mvc [pattern='/js/**']
2024-06-10T11:38:08.912+02:00  WARN 6196 --- [restartedMain] o.s.s.c.a.web.builders.WebSecurity       : You are asking Spring Security to ignore Mvc [pattern='/webjars/**']. This is not recommended -- please use permitAll via HttpSecurity#authorizeHttpRequests instead.
2024-06-10T11:38:08.912+02:00  INFO 6196 --- [restartedMain] o.s.s.web.DefaultSecurityFilterChain     : Will not secure Mvc [pattern='/webjars/**']
2024-06-10T11:38:08.950+02:00  INFO 6196 --- [restartedMain] o.s.b.d.a.OptionalLiveReloadServer       : LiveReload server is running on port 35729
2024-06-10T11:38:08.958+02:00  INFO 6196 --- [restartedMain] o.s.b.w.embedded.tomcat.TomcatWebServer  : Tomcat started on port 8080 (http) with context path '/ShopmeAdmin'
2024-06-10T11:38:08.963+02:00  INFO 6196 --- [restartedMain] c.shopme.admin.ShopmeBackEndApplication  : Started ShopmeBackEndApplication in 0.79 seconds (process running for 1750.669)
2024-06-10T11:38:08.964+02:00  INFO 6196 --- [restartedMain] .ConditionEvaluationDeltaLoggingListener : Condition evaluation unchanged
2024-06-10T11:38:52.531+02:00  INFO 6196 --- [File Watcher] rtingClassPathChangeChangedEventListener : Restarting due to 1 class path change (0 additions, 0 deletions, 1 modification)
2024-06-10T11:38:52.546+02:00  INFO 6196 --- [Thread-27] j.LocalContainerEntityManagerFactoryBean : Closing JPA EntityManagerFactory for persistence unit 'default'
2024-06-10T11:38:52.547+02:00  INFO 6196 --- [Thread-27] com.zaxxer.hikari.HikariDataSource       : HikariPool-7 - Shutdown initiated...
2024-06-10T11:38:52.547+02:00  INFO 6196 --- [Thread-27] com.zaxxer.hikari.HikariDataSource       : HikariPool-7 - Shutdown completed.
2024-06-10T11:38:52.619+02:00  INFO 6196 --- [restartedMain] c.shopme.admin.ShopmeBackEndApplication  : Starting ShopmeBackEndApplication using Java 17.0.11 with PID 6196 (C:\My_Projects\shopme\shopme.zip_expanded\ShopmeBackEnd\target\classes started by Gahaty in C:\My_Projects\shopme\shopme.zip_expanded\ShopmeBackEnd)
2024-06-10T11:38:52.619+02:00  INFO 6196 --- [restartedMain] c.shopme.admin.ShopmeBackEndApplication  : No active profile set, falling back to 1 default profile: "default"
2024-06-10T11:38:52.717+02:00  INFO 6196 --- [restartedMain] .s.d.r.c.RepositoryConfigurationDelegate : Bootstrapping Spring Data JPA repositories in DEFAULT mode.
2024-06-10T11:38:52.723+02:00  INFO 6196 --- [restartedMain] .s.d.r.c.RepositoryConfigurationDelegate : Finished Spring Data repository scanning in 5 ms. Found 2 JPA repository interfaces.
2024-06-10T11:38:52.775+02:00  INFO 6196 --- [restartedMain] o.s.b.w.embedded.tomcat.TomcatWebServer  : Tomcat initialized with port 8080 (http)
2024-06-10T11:38:52.776+02:00  INFO 6196 --- [restartedMain] o.apache.catalina.core.StandardService   : Starting service [Tomcat]
2024-06-10T11:38:52.776+02:00  INFO 6196 --- [restartedMain] o.apache.catalina.core.StandardEngine    : Starting Servlet engine: [Apache Tomcat/10.1.19]
2024-06-10T11:38:52.786+02:00  INFO 6196 --- [restartedMain] o.a.c.c.C.[.[localhost].[/ShopmeAdmin]   : Initializing Spring embedded WebApplicationContext
2024-06-10T11:38:52.786+02:00  INFO 6196 --- [restartedMain] w.s.c.ServletWebServerApplicationContext : Root WebApplicationContext: initialization completed in 166 ms
2024-06-10T11:38:52.808+02:00  INFO 6196 --- [restartedMain] o.hibernate.jpa.internal.util.LogHelper  : HHH000204: Processing PersistenceUnitInfo [name: default]
2024-06-10T11:38:52.810+02:00  INFO 6196 --- [restartedMain] o.h.c.internal.RegionFactoryInitiator    : HHH000026: Second-level cache disabled
2024-06-10T11:38:52.813+02:00  INFO 6196 --- [restartedMain] o.s.o.j.p.SpringPersistenceUnitInfo      : No LoadTimeWeaver setup: ignoring JPA class transformer
2024-06-10T11:38:52.813+02:00  INFO 6196 --- [restartedMain] com.zaxxer.hikari.HikariDataSource       : HikariPool-8 - Starting...
2024-06-10T11:38:52.816+02:00  INFO 6196 --- [restartedMain] com.zaxxer.hikari.pool.HikariPool        : HikariPool-8 - Added connection com.mysql.cj.jdbc.ConnectionImpl@759a0de5
2024-06-10T11:38:52.817+02:00  INFO 6196 --- [restartedMain] com.zaxxer.hikari.HikariDataSource       : HikariPool-8 - Start completed.
2024-06-10T11:38:52.817+02:00  WARN 6196 --- [restartedMain] org.hibernate.orm.deprecation            : HHH90000025: MySQL8Dialect does not need to be specified explicitly using 'hibernate.dialect' (remove the property setting and it will be selected by default)
2024-06-10T11:38:52.817+02:00  WARN 6196 --- [restartedMain] org.hibernate.orm.deprecation            : HHH90000026: MySQL8Dialect has been deprecated; use org.hibernate.dialect.MySQLDialect instead
2024-06-10T11:38:52.849+02:00  INFO 6196 --- [restartedMain] o.h.e.t.j.p.i.JtaPlatformInitiator       : HHH000489: No JTA platform available (set 'hibernate.transaction.jta.platform' to enable JTA platform integration)
2024-06-10T11:38:52.907+02:00  INFO 6196 --- [restartedMain] j.LocalContainerEntityManagerFactoryBean : Initialized JPA EntityManagerFactory for persistence unit 'default'
2024-06-10T11:38:52.955+02:00  WARN 6196 --- [restartedMain] JpaBaseConfiguration$JpaWebConfiguration : spring.jpa.open-in-view is enabled by default. Therefore, database queries may be performed during view rendering. Explicitly configure spring.jpa.open-in-view to disable this warning
2024-06-10T11:38:52.964+02:00  INFO 6196 --- [restartedMain] o.s.b.a.w.s.WelcomePageHandlerMapping    : Adding welcome page template: index
2024-06-10T11:38:53.285+02:00  INFO 6196 --- [restartedMain] o.s.s.web.DefaultSecurityFilterChain     : Will secure any request with [org.springframework.security.web.session.DisableEncodeUrlFilter@6665631d, org.springframework.security.web.context.request.async.WebAsyncManagerIntegrationFilter@308cb071, org.springframework.security.web.context.SecurityContextHolderFilter@5e68b7df, org.springframework.security.web.header.HeaderWriterFilter@142d250b, org.springframework.web.filter.CorsFilter@47e5423c, org.springframework.security.web.csrf.CsrfFilter@2344a70f, org.springframework.security.web.authentication.logout.LogoutFilter@7bf31e0d, org.springframework.security.web.authentication.UsernamePasswordAuthenticationFilter@dcf4a26, org.springframework.security.web.savedrequest.RequestCacheAwareFilter@58921fc2, org.springframework.security.web.servletapi.SecurityContextHolderAwareRequestFilter@1dc6e054, org.springframework.security.web.authentication.rememberme.RememberMeAuthenticationFilter@6eaf2ee4, org.springframework.security.web.authentication.AnonymousAuthenticationFilter@50aa9c2a, org.springframework.security.web.access.ExceptionTranslationFilter@327efdf1, org.springframework.security.web.access.intercept.AuthorizationFilter@1939f0d0]
2024-06-10T11:38:53.286+02:00  WARN 6196 --- [restartedMain] o.s.s.c.a.web.builders.WebSecurity       : You are asking Spring Security to ignore Mvc [pattern='/images/**']. This is not recommended -- please use permitAll via HttpSecurity#authorizeHttpRequests instead.
2024-06-10T11:38:53.287+02:00  INFO 6196 --- [restartedMain] o.s.s.web.DefaultSecurityFilterChain     : Will not secure Mvc [pattern='/images/**']
2024-06-10T11:38:53.287+02:00  WARN 6196 --- [restartedMain] o.s.s.c.a.web.builders.WebSecurity       : You are asking Spring Security to ignore Mvc [pattern='/js/**']. This is not recommended -- please use permitAll via HttpSecurity#authorizeHttpRequests instead.
2024-06-10T11:38:53.287+02:00  INFO 6196 --- [restartedMain] o.s.s.web.DefaultSecurityFilterChain     : Will not secure Mvc [pattern='/js/**']
2024-06-10T11:38:53.287+02:00  WARN 6196 --- [restartedMain] o.s.s.c.a.web.builders.WebSecurity       : You are asking Spring Security to ignore Mvc [pattern='/webjars/**']. This is not recommended -- please use permitAll via HttpSecurity#authorizeHttpRequests instead.
2024-06-10T11:38:53.287+02:00  INFO 6196 --- [restartedMain] o.s.s.web.DefaultSecurityFilterChain     : Will not secure Mvc [pattern='/webjars/**']
2024-06-10T11:38:53.320+02:00  INFO 6196 --- [restartedMain] o.s.b.d.a.OptionalLiveReloadServer       : LiveReload server is running on port 35729
2024-06-10T11:38:53.330+02:00  INFO 6196 --- [restartedMain] o.s.b.w.embedded.tomcat.TomcatWebServer  : Tomcat started on port 8080 (http) with context path '/ShopmeAdmin'
2024-06-10T11:38:53.335+02:00  INFO 6196 --- [restartedMain] c.shopme.admin.ShopmeBackEndApplication  : Started ShopmeBackEndApplication in 0.733 seconds (process running for 1795.04)
2024-06-10T11:38:53.337+02:00  INFO 6196 --- [restartedMain] .ConditionEvaluationDeltaLoggingListener : Condition evaluation unchanged
2024-06-10T11:39:29.775+02:00  INFO 6196 --- [File Watcher] rtingClassPathChangeChangedEventListener : Restarting due to 1 class path change (0 additions, 0 deletions, 1 modification)
2024-06-10T11:39:29.783+02:00  INFO 6196 --- [Thread-31] j.LocalContainerEntityManagerFactoryBean : Closing JPA EntityManagerFactory for persistence unit 'default'
2024-06-10T11:39:29.783+02:00  INFO 6196 --- [Thread-31] com.zaxxer.hikari.HikariDataSource       : HikariPool-8 - Shutdown initiated...
2024-06-10T11:39:29.785+02:00  INFO 6196 --- [Thread-31] com.zaxxer.hikari.HikariDataSource       : HikariPool-8 - Shutdown completed.
2024-06-10T11:39:29.863+02:00  INFO 6196 --- [restartedMain] c.shopme.admin.ShopmeBackEndApplication  : Starting ShopmeBackEndApplication using Java 17.0.11 with PID 6196 (C:\My_Projects\shopme\shopme.zip_expanded\ShopmeBackEnd\target\classes started by Gahaty in C:\My_Projects\shopme\shopme.zip_expanded\ShopmeBackEnd)
2024-06-10T11:39:29.864+02:00  INFO 6196 --- [restartedMain] c.shopme.admin.ShopmeBackEndApplication  : No active profile set, falling back to 1 default profile: "default"
2024-06-10T11:39:29.967+02:00  INFO 6196 --- [restartedMain] .s.d.r.c.RepositoryConfigurationDelegate : Bootstrapping Spring Data JPA repositories in DEFAULT mode.
2024-06-10T11:39:29.972+02:00  INFO 6196 --- [restartedMain] .s.d.r.c.RepositoryConfigurationDelegate : Finished Spring Data repository scanning in 4 ms. Found 2 JPA repository interfaces.
2024-06-10T11:39:30.026+02:00  INFO 6196 --- [restartedMain] o.s.b.w.embedded.tomcat.TomcatWebServer  : Tomcat initialized with port 8080 (http)
2024-06-10T11:39:30.026+02:00  INFO 6196 --- [restartedMain] o.apache.catalina.core.StandardService   : Starting service [Tomcat]
2024-06-10T11:39:30.026+02:00  INFO 6196 --- [restartedMain] o.apache.catalina.core.StandardEngine    : Starting Servlet engine: [Apache Tomcat/10.1.19]
2024-06-10T11:39:30.036+02:00  INFO 6196 --- [restartedMain] o.a.c.c.C.[.[localhost].[/ShopmeAdmin]   : Initializing Spring embedded WebApplicationContext
2024-06-10T11:39:30.036+02:00  INFO 6196 --- [restartedMain] w.s.c.ServletWebServerApplicationContext : Root WebApplicationContext: initialization completed in 171 ms
2024-06-10T11:39:30.059+02:00  INFO 6196 --- [restartedMain] o.hibernate.jpa.internal.util.LogHelper  : HHH000204: Processing PersistenceUnitInfo [name: default]
2024-06-10T11:39:30.061+02:00  INFO 6196 --- [restartedMain] o.h.c.internal.RegionFactoryInitiator    : HHH000026: Second-level cache disabled
2024-06-10T11:39:30.063+02:00  INFO 6196 --- [restartedMain] o.s.o.j.p.SpringPersistenceUnitInfo      : No LoadTimeWeaver setup: ignoring JPA class transformer
2024-06-10T11:39:30.064+02:00  INFO 6196 --- [restartedMain] com.zaxxer.hikari.HikariDataSource       : HikariPool-9 - Starting...
2024-06-10T11:39:30.066+02:00  INFO 6196 --- [restartedMain] com.zaxxer.hikari.pool.HikariPool        : HikariPool-9 - Added connection com.mysql.cj.jdbc.ConnectionImpl@67dcbe5b
2024-06-10T11:39:30.066+02:00  INFO 6196 --- [restartedMain] com.zaxxer.hikari.HikariDataSource       : HikariPool-9 - Start completed.
2024-06-10T11:39:30.067+02:00  WARN 6196 --- [restartedMain] org.hibernate.orm.deprecation            : HHH90000025: MySQL8Dialect does not need to be specified explicitly using 'hibernate.dialect' (remove the property setting and it will be selected by default)
2024-06-10T11:39:30.067+02:00  WARN 6196 --- [restartedMain] org.hibernate.orm.deprecation            : HHH90000026: MySQL8Dialect has been deprecated; use org.hibernate.dialect.MySQLDialect instead
2024-06-10T11:39:30.111+02:00  INFO 6196 --- [restartedMain] o.h.e.t.j.p.i.JtaPlatformInitiator       : HHH000489: No JTA platform available (set 'hibernate.transaction.jta.platform' to enable JTA platform integration)
2024-06-10T11:39:30.163+02:00  INFO 6196 --- [restartedMain] j.LocalContainerEntityManagerFactoryBean : Initialized JPA EntityManagerFactory for persistence unit 'default'
2024-06-10T11:39:30.211+02:00  WARN 6196 --- [restartedMain] JpaBaseConfiguration$JpaWebConfiguration : spring.jpa.open-in-view is enabled by default. Therefore, database queries may be performed during view rendering. Explicitly configure spring.jpa.open-in-view to disable this warning
2024-06-10T11:39:30.221+02:00  INFO 6196 --- [restartedMain] o.s.b.a.w.s.WelcomePageHandlerMapping    : Adding welcome page template: index
2024-06-10T11:39:30.538+02:00  INFO 6196 --- [restartedMain] o.s.s.web.DefaultSecurityFilterChain     : Will secure any request with [org.springframework.security.web.session.DisableEncodeUrlFilter@a4e8a24, org.springframework.security.web.context.request.async.WebAsyncManagerIntegrationFilter@5fe96219, org.springframework.security.web.context.SecurityContextHolderFilter@19383863, org.springframework.security.web.header.HeaderWriterFilter@6cf85cfe, org.springframework.web.filter.CorsFilter@47efbdc9, org.springframework.security.web.csrf.CsrfFilter@20523c8b, org.springframework.security.web.authentication.logout.LogoutFilter@7518b43, org.springframework.security.web.authentication.UsernamePasswordAuthenticationFilter@730d7267, org.springframework.security.web.savedrequest.RequestCacheAwareFilter@28bff9ab, org.springframework.security.web.servletapi.SecurityContextHolderAwareRequestFilter@7143f684, org.springframework.security.web.authentication.rememberme.RememberMeAuthenticationFilter@780df4d6, org.springframework.security.web.authentication.AnonymousAuthenticationFilter@50d34aa6, org.springframework.security.web.access.ExceptionTranslationFilter@311d0707, org.springframework.security.web.access.intercept.AuthorizationFilter@3eed73ff]
2024-06-10T11:39:30.540+02:00  WARN 6196 --- [restartedMain] o.s.s.c.a.web.builders.WebSecurity       : You are asking Spring Security to ignore Mvc [pattern='/images/**']. This is not recommended -- please use permitAll via HttpSecurity#authorizeHttpRequests instead.
2024-06-10T11:39:30.540+02:00  INFO 6196 --- [restartedMain] o.s.s.web.DefaultSecurityFilterChain     : Will not secure Mvc [pattern='/images/**']
2024-06-10T11:39:30.540+02:00  WARN 6196 --- [restartedMain] o.s.s.c.a.web.builders.WebSecurity       : You are asking Spring Security to ignore Mvc [pattern='/js/**']. This is not recommended -- please use permitAll via HttpSecurity#authorizeHttpRequests instead.
2024-06-10T11:39:30.540+02:00  INFO 6196 --- [restartedMain] o.s.s.web.DefaultSecurityFilterChain     : Will not secure Mvc [pattern='/js/**']
2024-06-10T11:39:30.540+02:00  WARN 6196 --- [restartedMain] o.s.s.c.a.web.builders.WebSecurity       : You are asking Spring Security to ignore Mvc [pattern='/webjars/**']. This is not recommended -- please use permitAll via HttpSecurity#authorizeHttpRequests instead.
2024-06-10T11:39:30.540+02:00  INFO 6196 --- [restartedMain] o.s.s.web.DefaultSecurityFilterChain     : Will not secure Mvc [pattern='/webjars/**']
2024-06-10T11:39:30.570+02:00  INFO 6196 --- [restartedMain] o.s.b.d.a.OptionalLiveReloadServer       : LiveReload server is running on port 35729
2024-06-10T11:39:30.577+02:00  INFO 6196 --- [restartedMain] o.s.b.w.embedded.tomcat.TomcatWebServer  : Tomcat started on port 8080 (http) with context path '/ShopmeAdmin'
2024-06-10T11:39:30.580+02:00  INFO 6196 --- [restartedMain] c.shopme.admin.ShopmeBackEndApplication  : Started ShopmeBackEndApplication in 0.734 seconds (process running for 1832.287)
2024-06-10T11:39:30.581+02:00  INFO 6196 --- [restartedMain] .ConditionEvaluationDeltaLoggingListener : Condition evaluation unchanged
2024-06-10T11:41:31.403+02:00  INFO 6196 --- [RMI TCP Connection(67)-127.0.0.1] inMXBeanRegistrar$SpringApplicationAdmin : Application shutdown requested.
2024-06-10T11:41:31.415+02:00  INFO 6196 --- [RMI TCP Connection(67)-127.0.0.1] j.LocalContainerEntityManagerFactoryBean : Closing JPA EntityManagerFactory for persistence unit 'default'
2024-06-10T11:41:31.416+02:00  INFO 6196 --- [RMI TCP Connection(67)-127.0.0.1] com.zaxxer.hikari.HikariDataSource       : HikariPool-9 - Shutdown initiated...
2024-06-10T11:41:31.418+02:00  INFO 6196 --- [RMI TCP Connection(67)-127.0.0.1] com.zaxxer.hikari.HikariDataSource       : HikariPool-9 - Shutdown completed.
2024-06-10T11:41:33.232+02:00  INFO 11644 --- [restartedMain] c.shopme.admin.ShopmeBackEndApplication  : Starting ShopmeBackEndApplication using Java 17.0.11 with PID 11644 (C:\My_Projects\shopme\shopme.zip_expanded\ShopmeBackEnd\target\classes started by Gahaty in C:\My_Projects\shopme\shopme.zip_expanded\ShopmeBackEnd)
2024-06-10T11:41:33.235+02:00  INFO 11644 --- [restartedMain] c.shopme.admin.ShopmeBackEndApplication  : No active profile set, falling back to 1 default profile: "default"
2024-06-10T11:41:33.278+02:00  INFO 11644 --- [restartedMain] .e.DevToolsPropertyDefaultsPostProcessor : Devtools property defaults active! Set 'spring.devtools.add-properties' to 'false' to disable
2024-06-10T11:41:33.279+02:00  INFO 11644 --- [restartedMain] .e.DevToolsPropertyDefaultsPostProcessor : For additional web related logging consider setting the 'logging.level.web' property to 'DEBUG'
2024-06-10T11:41:33.782+02:00  INFO 11644 --- [restartedMain] .s.d.r.c.RepositoryConfigurationDelegate : Bootstrapping Spring Data JPA repositories in DEFAULT mode.
2024-06-10T11:41:33.827+02:00  INFO 11644 --- [restartedMain] .s.d.r.c.RepositoryConfigurationDelegate : Finished Spring Data repository scanning in 38 ms. Found 2 JPA repository interfaces.
2024-06-10T11:41:34.261+02:00  INFO 11644 --- [restartedMain] o.s.b.w.embedded.tomcat.TomcatWebServer  : Tomcat initialized with port 8080 (http)
2024-06-10T11:41:34.270+02:00  INFO 11644 --- [restartedMain] o.apache.catalina.core.StandardService   : Starting service [Tomcat]
2024-06-10T11:41:34.270+02:00  INFO 11644 --- [restartedMain] o.apache.catalina.core.StandardEngine    : Starting Servlet engine: [Apache Tomcat/10.1.19]
2024-06-10T11:41:34.315+02:00  INFO 11644 --- [restartedMain] o.a.c.c.C.[.[localhost].[/ShopmeAdmin]   : Initializing Spring embedded WebApplicationContext
2024-06-10T11:41:34.315+02:00  INFO 11644 --- [restartedMain] w.s.c.ServletWebServerApplicationContext : Root WebApplicationContext: initialization completed in 1036 ms
2024-06-10T11:41:34.438+02:00  INFO 11644 --- [restartedMain] o.hibernate.jpa.internal.util.LogHelper  : HHH000204: Processing PersistenceUnitInfo [name: default]
2024-06-10T11:41:34.478+02:00  INFO 11644 --- [restartedMain] org.hibernate.Version                    : HHH000412: Hibernate ORM core version 6.4.4.Final
2024-06-10T11:41:34.502+02:00  INFO 11644 --- [restartedMain] o.h.c.internal.RegionFactoryInitiator    : HHH000026: Second-level cache disabled
2024-06-10T11:41:34.669+02:00  INFO 11644 --- [restartedMain] o.s.o.j.p.SpringPersistenceUnitInfo      : No LoadTimeWeaver setup: ignoring JPA class transformer
2024-06-10T11:41:34.690+02:00  INFO 11644 --- [restartedMain] com.zaxxer.hikari.HikariDataSource       : HikariPool-1 - Starting...
2024-06-10T11:41:34.796+02:00  INFO 11644 --- [restartedMain] com.zaxxer.hikari.pool.HikariPool        : HikariPool-1 - Added connection com.mysql.cj.jdbc.ConnectionImpl@6793946a
2024-06-10T11:41:34.798+02:00  INFO 11644 --- [restartedMain] com.zaxxer.hikari.HikariDataSource       : HikariPool-1 - Start completed.
2024-06-10T11:41:34.814+02:00  WARN 11644 --- [restartedMain] org.hibernate.orm.deprecation            : HHH90000025: MySQL8Dialect does not need to be specified explicitly using 'hibernate.dialect' (remove the property setting and it will be selected by default)
2024-06-10T11:41:34.815+02:00  WARN 11644 --- [restartedMain] org.hibernate.orm.deprecation            : HHH90000026: MySQL8Dialect has been deprecated; use org.hibernate.dialect.MySQLDialect instead
2024-06-10T11:41:35.521+02:00  INFO 11644 --- [restartedMain] o.h.e.t.j.p.i.JtaPlatformInitiator       : HHH000489: No JTA platform available (set 'hibernate.transaction.jta.platform' to enable JTA platform integration)
2024-06-10T11:41:35.674+02:00  INFO 11644 --- [restartedMain] j.LocalContainerEntityManagerFactoryBean : Initialized JPA EntityManagerFactory for persistence unit 'default'
2024-06-10T11:41:35.881+02:00  INFO 11644 --- [restartedMain] o.s.d.j.r.query.QueryEnhancerFactory     : Hibernate is in classpath; If applicable, HQL parser will be used.
2024-06-10T11:41:36.487+02:00  WARN 11644 --- [restartedMain] JpaBaseConfiguration$JpaWebConfiguration : spring.jpa.open-in-view is enabled by default. Therefore, database queries may be performed during view rendering. Explicitly configure spring.jpa.open-in-view to disable this warning
2024-06-10T11:41:36.663+02:00  INFO 11644 --- [restartedMain] o.s.b.a.w.s.WelcomePageHandlerMapping    : Adding welcome page template: index
2024-06-10T11:41:37.211+02:00  INFO 11644 --- [restartedMain] o.s.s.web.DefaultSecurityFilterChain     : Will secure any request with [org.springframework.security.web.session.DisableEncodeUrlFilter@698d2313, org.springframework.security.web.context.request.async.WebAsyncManagerIntegrationFilter@6f6a59e1, org.springframework.security.web.context.SecurityContextHolderFilter@13df71f0, org.springframework.security.web.header.HeaderWriterFilter@7ebddb46, org.springframework.web.filter.CorsFilter@3f3ef70, org.springframework.security.web.csrf.CsrfFilter@50ef3e86, org.springframework.security.web.authentication.logout.LogoutFilter@12fec37, org.springframework.security.web.authentication.UsernamePasswordAuthenticationFilter@678a57c4, org.springframework.security.web.savedrequest.RequestCacheAwareFilter@471ccdb0, org.springframework.security.web.servletapi.SecurityContextHolderAwareRequestFilter@7bb597fa, org.springframework.security.web.authentication.rememberme.RememberMeAuthenticationFilter@6a00cea2, org.springframework.security.web.authentication.AnonymousAuthenticationFilter@3c1949cc, org.springframework.security.web.access.ExceptionTranslationFilter@7daf54f7, org.springframework.security.web.access.intercept.AuthorizationFilter@566c1ac1]
2024-06-10T11:41:37.216+02:00  WARN 11644 --- [restartedMain] o.s.s.c.a.web.builders.WebSecurity       : You are asking Spring Security to ignore Mvc [pattern='/images/**']. This is not recommended -- please use permitAll via HttpSecurity#authorizeHttpRequests instead.
2024-06-10T11:41:37.216+02:00  INFO 11644 --- [restartedMain] o.s.s.web.DefaultSecurityFilterChain     : Will not secure Mvc [pattern='/images/**']
2024-06-10T11:41:37.216+02:00  WARN 11644 --- [restartedMain] o.s.s.c.a.web.builders.WebSecurity       : You are asking Spring Security to ignore Mvc [pattern='/js/**']. This is not recommended -- please use permitAll via HttpSecurity#authorizeHttpRequests instead.
2024-06-10T11:41:37.216+02:00  INFO 11644 --- [restartedMain] o.s.s.web.DefaultSecurityFilterChain     : Will not secure Mvc [pattern='/js/**']
2024-06-10T11:41:37.216+02:00  WARN 11644 --- [restartedMain] o.s.s.c.a.web.builders.WebSecurity       : You are asking Spring Security to ignore Mvc [pattern='/webjars/**']. This is not recommended -- please use permitAll via HttpSecurity#authorizeHttpRequests instead.
2024-06-10T11:41:37.217+02:00  INFO 11644 --- [restartedMain] o.s.s.web.DefaultSecurityFilterChain     : Will not secure Mvc [pattern='/webjars/**']
2024-06-10T11:41:37.399+02:00  INFO 11644 --- [restartedMain] o.s.b.d.a.OptionalLiveReloadServer       : LiveReload server is running on port 35729
2024-06-10T11:41:37.434+02:00  INFO 11644 --- [restartedMain] o.s.b.w.embedded.tomcat.TomcatWebServer  : Tomcat started on port 8080 (http) with context path '/ShopmeAdmin'
2024-06-10T11:41:37.444+02:00  INFO 11644 --- [restartedMain] c.shopme.admin.ShopmeBackEndApplication  : Started ShopmeBackEndApplication in 4.486 seconds (process running for 5.073)
2024-06-10T11:47:37.486+02:00  INFO 11644 --- [File Watcher] rtingClassPathChangeChangedEventListener : Restarting due to 1 class path change (0 additions, 0 deletions, 1 modification)
2024-06-10T11:47:37.503+02:00  INFO 11644 --- [Thread-5] j.LocalContainerEntityManagerFactoryBean : Closing JPA EntityManagerFactory for persistence unit 'default'
2024-06-10T11:47:37.506+02:00  INFO 11644 --- [Thread-5] com.zaxxer.hikari.HikariDataSource       : HikariPool-1 - Shutdown initiated...
2024-06-10T11:47:37.511+02:00  INFO 11644 --- [Thread-5] com.zaxxer.hikari.HikariDataSource       : HikariPool-1 - Shutdown completed.
